0 info it worked if it ends with ok
1 verbose cli [ 'C:\\Program Files\\nodejs\\node.exe',
1 verbose cli   'C:\\Program Files\\nodejs\\node_modules\\npm\\bin\\npm-cli.js',
1 verbose cli   'start' ]
2 info using npm@3.10.10
3 info using node@v6.9.4
4 verbose run-script [ 'prestart', 'start', 'poststart' ]
5 info lifecycle node-login@1.5.0~prestart: node-login@1.5.0
6 silly lifecycle node-login@1.5.0~prestart: no script for prestart, continuing
7 info lifecycle node-login@1.5.0~start: node-login@1.5.0
8 verbose lifecycle node-login@1.5.0~start: unsafe-perm in lifecycle true
9 verbose lifecycle node-login@1.5.0~start: PATH: C:\Program Files\nodejs\node_modules\npm\bin\node-gyp-bin;C:\NodeJs\node-login-master\node_modules\.bin;"C:\Program Files (x86)\Heroku\ruby-2.1.7\bin";C:\ProgramData\Oracle\Java\javapath;C:\Users\Laptop\Desktop\activator-1.3.6-minimal;C:\Windows\System32;C:\Windows;C:\Program Files;C:\Program Files (x86);C:\Program Files (x86)\Microsoft SQL Server;C:\Program Files\Java\jdk1.8.0_66;C:\Program Files\Java\jdk1.8.0_66\bin;C:\Program Files (x86)\Common Files\Acronis\SnapAPI\;C:\Program Files\MATLAB\R2015b\runtime\win64;C:\Program Files\MATLAB\R2015b\bin;C:\Program Files\MATLAB\R2010a\runtime\win64;C:\Program Files\MATLAB\R2010a\bin;C:\Program Files (x86)\Skype\Phone\;C:\activator-1.3.6-minimal;C:\Program Files (x86)\sbt\\bin;C:\Program Files\MATLAB\R2015b\polyspace\bin;C:\Program Files\Git\cmd;C:\Program Files (x86)\Heroku\bin;C:\Program Files (x86)\git\cmd;C:\Program Files (x86)\Git\cmd;C:\Program Files\nodejs\;C:\RailsInstaller\Git\cmd;C:\RailsInstaller\Ruby2.2.0\bin;C:\altera\13.0sp1\modelsim_ase\win32aloem;C:\altera\13.0sp1\modelsim_ae\win32aloem;C:\Users\Laptop\AppData\Roaming\npm;C:\Program Files (x86)\Git\bin
10 verbose lifecycle node-login@1.5.0~start: CWD: C:\NodeJs\node-login-master
11 silly lifecycle node-login@1.5.0~start: Args: [ '/d /s /c', 'node app.js' ]
12 silly lifecycle node-login@1.5.0~start: Returned: code: 1  signal: null
13 info lifecycle node-login@1.5.0~start: Failed to exec start script
14 verbose stack Error: node-login@1.5.0 start: `node app.js`
14 verbose stack Exit status 1
14 verbose stack     at EventEmitter.<anonymous> (C:\Program Files\nodejs\node_modules\npm\lib\utils\lifecycle.js:255:16)
14 verbose stack     at emitTwo (events.js:106:13)
14 verbose stack     at EventEmitter.emit (events.js:191:7)
14 verbose stack     at ChildProcess.<anonymous> (C:\Program Files\nodejs\node_modules\npm\lib\utils\spawn.js:40:14)
14 verbose stack     at emitTwo (events.js:106:13)
14 verbose stack     at ChildProcess.emit (events.js:191:7)
14 verbose stack     at maybeClose (internal/child_process.js:877:16)
14 verbose stack     at Process.ChildProcess._handle.onexit (internal/child_process.js:226:5)
15 verbose pkgid node-login@1.5.0
16 verbose cwd C:\NodeJs\node-login-master
17 error Windows_NT 6.1.7600
18 error argv "C:\\Program Files\\nodejs\\node.exe" "C:\\Program Files\\nodejs\\node_modules\\npm\\bin\\npm-cli.js" "start"
19 error node v6.9.4
20 error npm  v3.10.10
21 error code ELIFECYCLE
22 error node-login@1.5.0 start: `node app.js`
22 error Exit status 1
23 error Failed at the node-login@1.5.0 start script 'node app.js'.
23 error Make sure you have the latest version of node.js and npm installed.
23 error If you do, this is most likely a problem with the node-login package,
23 error not with npm itself.
23 error Tell the author that this fails on your system:
23 error     node app.js
23 error You can get information on how to open an issue for this project with:
23 error     npm bugs node-login
23 error Or if that isn't available, you can get their info via:
23 error     npm owner ls node-login
23 error There is likely additional logging output above.
24 verbose exit [ 1, true ]
